[debug] ----------------------------------------------------------------------
[debug] Command:      /Users/SamuelMcNamaraBowler/.nvm/versions/node/v7.10.0/bin/node /usr/local/bin/firebase deploy
[debug] CLI Version:  3.7.0
[debug] Platform:     darwin
[debug] Node Version: v7.10.0
[debug] Time:         Sun May 28 2017 18:54:03 GMT-0500 (CDT)
[debug] ----------------------------------------------------------------------
[debug] 
[debug] > command requires scopes: ["email","openid","https://www.googleapis.com/auth/cloudplatformprojects.readonly","https://www.googleapis.com/auth/firebase","https://www.googleapis.com/auth/cloud-platform"]
[debug] >>> HTTP REQUEST GET https://admin.firebase.com/v1/projects/culturalystmvp-5860f  
 Sun May 28 2017 18:54:03 GMT-0500 (CDT)
[debug] <<< HTTP RESPONSE 200
[debug] >>> HTTP REQUEST GET https://admin.firebase.com/v1/database/culturalystmvp-5860f/tokens  
 Sun May 28 2017 18:54:04 GMT-0500 (CDT)
[debug] <<< HTTP RESPONSE 200
[info] 
[info] === Deploying to 'culturalystmvp-5860f'...
[info] 
[info] i  deploying database, hosting
[info] ✔  database: rules ready to deploy.
[info] i  hosting: preparing app directory for upload...
[debug] >>> HTTP REQUEST PUT https://deploy.firebase.com/v1/hosting/culturalystmvp-5860f/uploads/-KlGTmbPdK8Zqa6we3pV?fileCount=1136&message=  
 Sun May 28 2017 18:54:07 GMT-0500 (CDT)
